Connecting to database specified by database.yml
Connecting to database specified by database.yml


Started GET "/" for 127.0.0.1 at 2014-01-13 22:08:44 +0100
Processing by DashboardController#index as HTML
Compiled jquery-ui-1.10.3.custom.min.js  (0ms)  (pid 12666)
Compiled jquery.ui.touch-punch.min.js  (0ms)  (pid 12666)
Compiled jquery.slimscroll.min.js  (0ms)  (pid 12666)
Compiled jquery.easy-pie-chart.min.js  (0ms)  (pid 12666)
Compiled jquery.sparkline.min.js  (0ms)  (pid 12666)
Compiled flot/jquery.flot.min.js  (0ms)  (pid 12666)
Compiled flot/jquery.flot.pie.min.js  (0ms)  (pid 12666)
Compiled flot/jquery.flot.resize.min.js  (0ms)  (pid 12666)
  Rendered dashboard/index.html.erb within layouts/application (532.1ms)
Compiled bootstrap.min.css  (0ms)  (pid 12666)
Compiled bootstrap-responsive.min.css  (0ms)  (pid 12666)
Compiled font-awesome.min.css  (383ms)  (pid 12666)
Compiled font-awesome-ie7.min.css  (0ms)  (pid 12666)
Compiled ace.min.css  (0ms)  (pid 12666)
Compiled ace-responsive.min.css  (0ms)  (pid 12666)
Compiled ace-skins.min.css  (0ms)  (pid 12666)
Compiled ace-ie.min.css  (0ms)  (pid 12666)
  Rendered layouts/AceAdminLayout/_stylesheets_include.html.erb (796.2ms)
  Rendered layouts/AceAdminLayout/_navbar.html.erb (0.6ms)
  Rendered layouts/AceAdminLayout/_sidebar.html.erb (9.2ms)
  Rendered layouts/AceAdminLayout/_breadcrumbs_and_search.html.erb (0.3ms)
  Rendered layouts/AceAdminLayout/_page_header.html.erb (0.3ms)
  Rendered layouts/_header.html.erb (810.3ms)
  Rendered layouts/AceAdminLayout/_settings_container.html.erb (0.3ms)
Compiled bootstrap.min.js  (0ms)  (pid 12666)
Compiled ace-elements.min.js  (0ms)  (pid 12666)
Compiled ace.min.js  (0ms)  (pid 12666)
  Rendered layouts/AceAdminLayout/_javascript_include.html.erb (59.5ms)
  Rendered layouts/_footer.html.erb (61.3ms)
Completed 200 OK in 1418ms (Views: 1417.7ms | ActiveRecord: 0.0ms)


Started GET "/assets/bootstrap.min.css?body=1" for 127.0.0.1 at 2014-01-13 22:08:46 +0100
Served asset /bootstrap.min.css - 304 Not Modified (3ms)


Started GET "/assets/bootstrap-responsive.min.css?body=1" for 127.0.0.1 at 2014-01-13 22:08:46 +0100
Served asset /bootstrap-responsive.min.css - 304 Not Modified (2ms)


Started GET "/assets/jquery-ui-1.10.3.custom.min.js?body=1" for 127.0.0.1 at 2014-01-13 22:08:46 +0100
Served asset /jquery-ui-1.10.3.custom.min.js - 200 OK (2ms)


Started GET "/assets/font-awesome.min.css?body=1" for 127.0.0.1 at 2014-01-13 22:08:46 +0100
Served asset /font-awesome.min.css - 304 Not Modified (3ms)


Started GET "/assets/ace.min.css?body=1" for 127.0.0.1 at 2014-01-13 22:08:46 +0100
Served asset /ace.min.css - 304 Not Modified (3ms)


Started GET "/assets/ace-responsive.min.css?body=1" for 127.0.0.1 at 2014-01-13 22:08:46 +0100
Served asset /ace-responsive.min.css - 304 Not Modified (5ms)


Started GET "/assets/jquery.ui.touch-punch.min.js?body=1" for 127.0.0.1 at 2014-01-13 22:08:46 +0100
Served asset /jquery.ui.touch-punch.min.js - 200 OK (2ms)


Started GET "/assets/jquery.easy-pie-chart.min.js?body=1" for 127.0.0.1 at 2014-01-13 22:08:46 +0100
Served asset /jquery.easy-pie-chart.min.js - 200 OK (1ms)


Started GET "/assets/jquery.slimscroll.min.js?body=1" for 127.0.0.1 at 2014-01-13 22:08:46 +0100
Served asset /jquery.slimscroll.min.js - 200 OK (1ms)


Started GET "/assets/ace-skins.min.css?body=1" for 127.0.0.1 at 2014-01-13 22:08:46 +0100
Served asset /ace-skins.min.css - 304 Not Modified (2ms)


Started GET "/assets/jquery.sparkline.min.js?body=1" for 127.0.0.1 at 2014-01-13 22:08:46 +0100
Served asset /jquery.sparkline.min.js - 200 OK (2ms)


Started GET "/assets/flot/jquery.flot.pie.min.js?body=1" for 127.0.0.1 at 2014-01-13 22:08:46 +0100
Served asset /flot/jquery.flot.pie.min.js - 200 OK (6ms)


Started GET "/assets/flot/jquery.flot.resize.min.js?body=1" for 127.0.0.1 at 2014-01-13 22:08:46 +0100
Served asset /flot/jquery.flot.resize.min.js - 200 OK (1ms)


Started GET "/assets/bootstrap.min.js?body=1" for 127.0.0.1 at 2014-01-13 22:08:46 +0100
Served asset /bootstrap.min.js - 304 Not Modified (1ms)


Started GET "/assets/flot/jquery.flot.min.js?body=1" for 127.0.0.1 at 2014-01-13 22:08:46 +0100
Served asset /flot/jquery.flot.min.js - 200 OK (1ms)


Started GET "/assets/ace-elements.min.js?body=1" for 127.0.0.1 at 2014-01-13 22:08:47 +0100
Served asset /ace-elements.min.js - 304 Not Modified (2ms)


Started GET "/assets/ace.min.js?body=1" for 127.0.0.1 at 2014-01-13 22:08:47 +0100
Served asset /ace.min.js - 304 Not Modified (2ms)


Started GET "/index" for 127.0.0.1 at 2014-01-13 22:08:57 +0100
Processing by DashboardController#index as HTML
  Rendered dashboard/index.html.erb within layouts/application (12.1ms)
  Rendered layouts/AceAdminLayout/_stylesheets_include.html.erb (16.4ms)
  Rendered layouts/AceAdminLayout/_navbar.html.erb (0.0ms)
  Rendered layouts/AceAdminLayout/_sidebar.html.erb (7.3ms)
  Rendered layouts/AceAdminLayout/_breadcrumbs_and_search.html.erb (0.0ms)
  Rendered layouts/AceAdminLayout/_page_header.html.erb (0.0ms)
  Rendered layouts/_header.html.erb (26.5ms)
  Rendered layouts/AceAdminLayout/_settings_container.html.erb (0.0ms)
  Rendered layouts/AceAdminLayout/_javascript_include.html.erb (4.0ms)
  Rendered layouts/_footer.html.erb (5.0ms)
Completed 200 OK in 47ms (Views: 46.6ms | ActiveRecord: 0.0ms)


Started GET "/assets/bootstrap.min.css?body=1" for 127.0.0.1 at 2014-01-13 22:08:57 +0100
Served asset /bootstrap.min.css - 304 Not Modified (0ms)


Started GET "/assets/bootstrap-responsive.min.css?body=1" for 127.0.0.1 at 2014-01-13 22:08:57 +0100
Served asset /bootstrap-responsive.min.css - 304 Not Modified (0ms)


Started GET "/assets/font-awesome.min.css?body=1" for 127.0.0.1 at 2014-01-13 22:08:57 +0100
Served asset /font-awesome.min.css - 304 Not Modified (0ms)


Started GET "/assets/ace.min.css?body=1" for 127.0.0.1 at 2014-01-13 22:08:57 +0100
Served asset /ace.min.css - 304 Not Modified (0ms)


Started GET "/assets/ace-responsive.min.css?body=1" for 127.0.0.1 at 2014-01-13 22:08:57 +0100
Served asset /ace-responsive.min.css - 304 Not Modified (0ms)


Started GET "/assets/ace-skins.min.css?body=1" for 127.0.0.1 at 2014-01-13 22:08:57 +0100
Served asset /ace-skins.min.css - 304 Not Modified (0ms)


Started GET "/assets/bootstrap.min.js?body=1" for 127.0.0.1 at 2014-01-13 22:08:57 +0100
Served asset /bootstrap.min.js - 304 Not Modified (0ms)


Started GET "/assets/ace-elements.min.js?body=1" for 127.0.0.1 at 2014-01-13 22:08:57 +0100
Served asset /ace-elements.min.js - 304 Not Modified (0ms)


Started GET "/assets/ace.min.js?body=1" for 127.0.0.1 at 2014-01-13 22:08:57 +0100
Served asset /ace.min.js - 304 Not Modified (0ms)


Started GET "/typography" for 127.0.0.1 at 2014-01-13 22:08:58 +0100
Processing by TypographyController#typography as HTML
Compiled prettify.css  (0ms)  (pid 12666)
Compiled prettify.js  (0ms)  (pid 12666)
  Rendered typography/typography.html.erb within layouts/application (24.5ms)
  Rendered layouts/AceAdminLayout/_stylesheets_include.html.erb (16.9ms)
  Rendered layouts/AceAdminLayout/_navbar.html.erb (0.0ms)
  Rendered layouts/AceAdminLayout/_sidebar.html.erb (7.4ms)
  Rendered layouts/AceAdminLayout/_breadcrumbs_and_search.html.erb (0.0ms)
  Rendered layouts/AceAdminLayout/_page_header.html.erb (0.0ms)
  Rendered layouts/_header.html.erb (27.3ms)
  Rendered layouts/AceAdminLayout/_settings_container.html.erb (0.0ms)
  Rendered layouts/AceAdminLayout/_javascript_include.html.erb (4.3ms)
  Rendered layouts/_footer.html.erb (5.5ms)
Completed 200 OK in 61ms (Views: 60.9ms | ActiveRecord: 0.0ms)


Started GET "/assets/bootstrap.min.css?body=1" for 127.0.0.1 at 2014-01-13 22:08:59 +0100
Served asset /bootstrap.min.css - 304 Not Modified (0ms)


Started GET "/assets/ace.min.css?body=1" for 127.0.0.1 at 2014-01-13 22:08:59 +0100
Served asset /ace.min.css - 304 Not Modified (0ms)


Started GET "/assets/bootstrap-responsive.min.css?body=1" for 127.0.0.1 at 2014-01-13 22:08:59 +0100
Served asset /bootstrap-responsive.min.css - 304 Not Modified (0ms)


Started GET "/assets/font-awesome.min.css?body=1" for 127.0.0.1 at 2014-01-13 22:08:59 +0100
Served asset /font-awesome.min.css - 304 Not Modified (0ms)


Started GET "/assets/ace-responsive.min.css?body=1" for 127.0.0.1 at 2014-01-13 22:08:59 +0100
Served asset /ace-responsive.min.css - 304 Not Modified (0ms)


Started GET "/assets/ace-skins.min.css?body=1" for 127.0.0.1 at 2014-01-13 22:08:59 +0100
Served asset /ace-skins.min.css - 304 Not Modified (0ms)


Started GET "/assets/bootstrap.min.js?body=1" for 127.0.0.1 at 2014-01-13 22:08:59 +0100
Served asset /bootstrap.min.js - 304 Not Modified (0ms)


Started GET "/assets/ace-elements.min.js?body=1" for 127.0.0.1 at 2014-01-13 22:08:59 +0100
Served asset /ace-elements.min.js - 304 Not Modified (0ms)


Started GET "/assets/ace.min.js?body=1" for 127.0.0.1 at 2014-01-13 22:08:59 +0100
Served asset /ace.min.js - 304 Not Modified (0ms)


Started GET "/calendar" for 127.0.0.1 at 2014-01-13 22:09:07 +0100
Processing by CalendarController#calendar as HTML
Compiled fullcalendar.css  (0ms)  (pid 12666)
Compiled fullcalendar.min.js  (0ms)  (pid 12666)
Compiled bootbox.min.js  (0ms)  (pid 12666)
  Rendered calendar/calendar.html.erb within layouts/application (51.2ms)
  Rendered layouts/AceAdminLayout/_stylesheets_include.html.erb (44.9ms)
  Rendered layouts/AceAdminLayout/_navbar.html.erb (0.0ms)
  Rendered layouts/AceAdminLayout/_sidebar.html.erb (7.1ms)
  Rendered layouts/AceAdminLayout/_breadcrumbs_and_search.html.erb (0.0ms)
  Rendered layouts/AceAdminLayout/_page_header.html.erb (0.0ms)
  Rendered layouts/_header.html.erb (54.7ms)
  Rendered layouts/AceAdminLayout/_settings_container.html.erb (0.0ms)
  Rendered layouts/AceAdminLayout/_javascript_include.html.erb (4.3ms)
  Rendered layouts/_footer.html.erb (5.4ms)
Completed 200 OK in 115ms (Views: 114.9ms | ActiveRecord: 0.0ms)


Started GET "/assets/bootstrap.min.css?body=1" for 127.0.0.1 at 2014-01-13 22:09:07 +0100
Served asset /bootstrap.min.css - 304 Not Modified (0ms)


Started GET "/assets/bootstrap-responsive.min.css?body=1" for 127.0.0.1 at 2014-01-13 22:09:07 +0100
Served asset /bootstrap-responsive.min.css - 304 Not Modified (0ms)


Started GET "/assets/font-awesome.min.css?body=1" for 127.0.0.1 at 2014-01-13 22:09:07 +0100
Served asset /font-awesome.min.css - 304 Not Modified (0ms)


Started GET "/assets/fullcalendar.css?body=1" for 127.0.0.1 at 2014-01-13 22:09:07 +0100
Served asset /fullcalendar.css - 200 OK (11ms)


Started GET "/assets/ace.min.css?body=1" for 127.0.0.1 at 2014-01-13 22:09:07 +0100
Served asset /ace.min.css - 304 Not Modified (0ms)


Started GET "/assets/ace-responsive.min.css?body=1" for 127.0.0.1 at 2014-01-13 22:09:07 +0100
Served asset /ace-responsive.min.css - 304 Not Modified (0ms)


Started GET "/assets/ace-skins.min.css?body=1" for 127.0.0.1 at 2014-01-13 22:09:07 +0100
Served asset /ace-skins.min.css - 304 Not Modified (0ms)


Started GET "/assets/bootstrap.min.js?body=1" for 127.0.0.1 at 2014-01-13 22:09:07 +0100
Served asset /bootstrap.min.js - 304 Not Modified (0ms)


Started GET "/assets/fullcalendar.min.js?body=1" for 127.0.0.1 at 2014-01-13 22:09:07 +0100
Served asset /fullcalendar.min.js - 200 OK (1ms)


Started GET "/assets/ace.min.js?body=1" for 127.0.0.1 at 2014-01-13 22:09:07 +0100
Served asset /ace.min.js - 304 Not Modified (0ms)


Started GET "/assets/bootbox.min.js?body=1" for 127.0.0.1 at 2014-01-13 22:09:07 +0100
Served asset /bootbox.min.js - 200 OK (2ms)


Started GET "/assets/ace-elements.min.js?body=1" for 127.0.0.1 at 2014-01-13 22:09:07 +0100
Served asset /ace-elements.min.js - 304 Not Modified (0ms)


Started GET "/gallery" for 127.0.0.1 at 2014-01-13 22:09:10 +0100
Processing by GalleryController#gallery as HTML
Compiled colorbox.css  (0ms)  (pid 12666)
Compiled jquery.colorbox-min.js  (0ms)  (pid 12666)
  Rendered gallery/gallery.html.erb within layouts/application (21.8ms)
  Rendered layouts/AceAdminLayout/_stylesheets_include.html.erb (17.0ms)
  Rendered layouts/AceAdminLayout/_navbar.html.erb (0.0ms)
  Rendered layouts/AceAdminLayout/_sidebar.html.erb (7.3ms)
  Rendered layouts/AceAdminLayout/_breadcrumbs_and_search.html.erb (0.0ms)
  Rendered layouts/AceAdminLayout/_page_header.html.erb (0.1ms)
  Rendered layouts/_header.html.erb (27.4ms)
  Rendered layouts/AceAdminLayout/_settings_container.html.erb (0.0ms)
  Rendered layouts/AceAdminLayout/_javascript_include.html.erb (4.3ms)
  Rendered layouts/_footer.html.erb (5.4ms)
Completed 200 OK in 59ms (Views: 58.1ms | ActiveRecord: 0.0ms)


Started GET "/assets/bootstrap.min.css?body=1" for 127.0.0.1 at 2014-01-13 22:09:10 +0100
Served asset /bootstrap.min.css - 304 Not Modified (0ms)


Started GET "/assets/font-awesome.min.css?body=1" for 127.0.0.1 at 2014-01-13 22:09:10 +0100
Served asset /font-awesome.min.css - 304 Not Modified (0ms)


Started GET "/assets/bootstrap-responsive.min.css?body=1" for 127.0.0.1 at 2014-01-13 22:09:10 +0100
Served asset /bootstrap-responsive.min.css - 304 Not Modified (0ms)


Started GET "/assets/colorbox.css?body=1" for 127.0.0.1 at 2014-01-13 22:09:10 +0100
Served asset /colorbox.css - 200 OK (5ms)


Started GET "/assets/gallery/thumb-1.jpg" for 127.0.0.1 at 2014-01-13 22:09:10 +0100
Served asset /gallery/thumb-1.jpg - 200 OK (4ms)


Started GET "/assets/gallery/thumb-2.jpg" for 127.0.0.1 at 2014-01-13 22:09:10 +0100
Served asset /gallery/thumb-2.jpg - 200 OK (3ms)


Started GET "/assets/gallery/thumb-3.jpg" for 127.0.0.1 at 2014-01-13 22:09:10 +0100
Served asset /gallery/thumb-3.jpg - 200 OK (4ms)


Started GET "/assets/gallery/thumb-4.jpg" for 127.0.0.1 at 2014-01-13 22:09:10 +0100
Served asset /gallery/thumb-4.jpg - 200 OK (3ms)


Started GET "/assets/gallery/thumb-5.jpg" for 127.0.0.1 at 2014-01-13 22:09:10 +0100
Served asset /gallery/thumb-5.jpg - 200 OK (21ms)


Started GET "/assets/ace.min.css?body=1" for 127.0.0.1 at 2014-01-13 22:09:10 +0100
Served asset /ace.min.css - 304 Not Modified (0ms)


Started GET "/assets/ace-skins.min.css?body=1" for 127.0.0.1 at 2014-01-13 22:09:10 +0100
Served asset /ace-skins.min.css - 304 Not Modified (0ms)


Started GET "/assets/ace-responsive.min.css?body=1" for 127.0.0.1 at 2014-01-13 22:09:10 +0100
Served asset /ace-responsive.min.css - 304 Not Modified (0ms)


Started GET "/assets/jquery.colorbox-min.js?body=1" for 127.0.0.1 at 2014-01-13 22:09:10 +0100
Served asset /jquery.colorbox-min.js - 200 OK (2ms)


Started GET "/assets/bootstrap.min.js?body=1" for 127.0.0.1 at 2014-01-13 22:09:10 +0100
Served asset /bootstrap.min.js - 304 Not Modified (0ms)


Started GET "/assets/ace-elements.min.js?body=1" for 127.0.0.1 at 2014-01-13 22:09:10 +0100
Served asset /ace-elements.min.js - 304 Not Modified (0ms)


Started GET "/assets/ace.min.js?body=1" for 127.0.0.1 at 2014-01-13 22:09:10 +0100
Served asset /ace.min.js - 304 Not Modified (0ms)


Started GET "/assets/gallery/thumb-6.jpg" for 127.0.0.1 at 2014-01-13 22:09:10 +0100
Served asset /gallery/thumb-6.jpg - 200 OK (7ms)


Started GET "/index" for 127.0.0.1 at 2014-01-13 22:09:13 +0100
Processing by DashboardController#index as HTML
  Rendered dashboard/index.html.erb within layouts/application (15.6ms)
  Rendered layouts/AceAdminLayout/_stylesheets_include.html.erb (16.4ms)
  Rendered layouts/AceAdminLayout/_navbar.html.erb (0.0ms)
  Rendered layouts/AceAdminLayout/_sidebar.html.erb (6.8ms)
  Rendered layouts/AceAdminLayout/_breadcrumbs_and_search.html.erb (0.0ms)
  Rendered layouts/AceAdminLayout/_page_header.html.erb (0.0ms)
  Rendered layouts/_header.html.erb (25.9ms)
  Rendered layouts/AceAdminLayout/_settings_container.html.erb (0.0ms)
  Rendered layouts/AceAdminLayout/_javascript_include.html.erb (4.3ms)
  Rendered layouts/_footer.html.erb (5.3ms)
Completed 200 OK in 50ms (Views: 49.7ms | ActiveRecord: 0.0ms)


Started GET "/assets/bootstrap.min.css?body=1" for 127.0.0.1 at 2014-01-13 22:09:13 +0100
Served asset /bootstrap.min.css - 304 Not Modified (0ms)


Started GET "/assets/font-awesome.min.css?body=1" for 127.0.0.1 at 2014-01-13 22:09:13 +0100
Served asset /font-awesome.min.css - 304 Not Modified (0ms)


Started GET "/assets/bootstrap-responsive.min.css?body=1" for 127.0.0.1 at 2014-01-13 22:09:13 +0100
Served asset /bootstrap-responsive.min.css - 304 Not Modified (0ms)


Started GET "/assets/ace-skins.min.css?body=1" for 127.0.0.1 at 2014-01-13 22:09:13 +0100
Served asset /ace-skins.min.css - 304 Not Modified (0ms)


Started GET "/assets/ace-responsive.min.css?body=1" for 127.0.0.1 at 2014-01-13 22:09:13 +0100
Served asset /ace-responsive.min.css - 304 Not Modified (0ms)


Started GET "/assets/ace.min.css?body=1" for 127.0.0.1 at 2014-01-13 22:09:13 +0100
Served asset /ace.min.css - 304 Not Modified (0ms)


Started GET "/assets/bootstrap.min.js?body=1" for 127.0.0.1 at 2014-01-13 22:09:13 +0100
Served asset /bootstrap.min.js - 304 Not Modified (0ms)


Started GET "/assets/ace-elements.min.js?body=1" for 127.0.0.1 at 2014-01-13 22:09:13 +0100
Served asset /ace-elements.min.js - 304 Not Modified (0ms)


Started GET "/assets/ace.min.js?body=1" for 127.0.0.1 at 2014-01-13 22:09:13 +0100
Served asset /ace.min.js - 304 Not Modified (0ms)
Connecting to database specified by database.yml
Connecting to database specified by database.yml
Connecting to database specified by database.yml


Started GET "/" for 127.0.0.1 at 2014-01-15 15:17:14 +0100
Processing by DashboardController#index as HTML
  Rendered dashboard/index.html.erb within layouts/application (80.7ms)
  Rendered layouts/AceAdminLayout/_stylesheets_include.html.erb (107.3ms)
  Rendered layouts/AceAdminLayout/_navbar.html.erb (0.6ms)
  Rendered layouts/AceAdminLayout/_sidebar.html.erb (9.4ms)
  Rendered layouts/AceAdminLayout/_breadcrumbs_and_search.html.erb (0.3ms)
  Rendered layouts/AceAdminLayout/_page_header.html.erb (0.4ms)
  Rendered layouts/_header.html.erb (121.7ms)
  Rendered layouts/AceAdminLayout/_settings_container.html.erb (0.3ms)
  Rendered layouts/AceAdminLayout/_javascript_include.html.erb (18.7ms)
  Rendered layouts/_footer.html.erb (20.6ms)
Completed 200 OK in 282ms (Views: 281.8ms | ActiveRecord: 0.0ms)


Started GET "/assets/bootstrap.min.css?body=1" for 127.0.0.1 at 2014-01-15 15:17:16 +0100
Served asset /bootstrap.min.css - 304 Not Modified (5ms)


Started GET "/assets/ace-responsive.min.css?body=1" for 127.0.0.1 at 2014-01-15 15:17:16 +0100
Served asset /ace-responsive.min.css - 304 Not Modified (2ms)


Started GET "/assets/font-awesome.min.css?body=1" for 127.0.0.1 at 2014-01-15 15:17:16 +0100
Served asset /font-awesome.min.css - 304 Not Modified (2ms)


Started GET "/assets/ace.min.css?body=1" for 127.0.0.1 at 2014-01-15 15:17:16 +0100
Served asset /ace.min.css - 304 Not Modified (2ms)


Started GET "/assets/bootstrap-responsive.min.css?body=1" for 127.0.0.1 at 2014-01-15 15:17:16 +0100
Served asset /bootstrap-responsive.min.css - 304 Not Modified (2ms)


Started GET "/assets/ace-skins.min.css?body=1" for 127.0.0.1 at 2014-01-15 15:17:16 +0100
Served asset /ace-skins.min.css - 304 Not Modified (2ms)


Started GET "/assets/bootstrap.min.js?body=1" for 127.0.0.1 at 2014-01-15 15:17:17 +0100
Served asset /bootstrap.min.js - 304 Not Modified (2ms)


Started GET "/assets/jquery-ui-1.10.3.custom.min.js?body=1" for 127.0.0.1 at 2014-01-15 15:17:17 +0100
Served asset /jquery-ui-1.10.3.custom.min.js - 304 Not Modified (1ms)


Started GET "/assets/jquery.ui.touch-punch.min.js?body=1" for 127.0.0.1 at 2014-01-15 15:17:17 +0100
Served asset /jquery.ui.touch-punch.min.js - 304 Not Modified (1ms)


Started GET "/assets/jquery.slimscroll.min.js?body=1" for 127.0.0.1 at 2014-01-15 15:17:17 +0100
Served asset /jquery.slimscroll.min.js - 304 Not Modified (1ms)


Started GET "/assets/jquery.easy-pie-chart.min.js?body=1" for 127.0.0.1 at 2014-01-15 15:17:17 +0100
Served asset /jquery.easy-pie-chart.min.js - 304 Not Modified (1ms)


Started GET "/assets/jquery.sparkline.min.js?body=1" for 127.0.0.1 at 2014-01-15 15:17:18 +0100
Served asset /jquery.sparkline.min.js - 304 Not Modified (2ms)


Started GET "/assets/flot/jquery.flot.min.js?body=1" for 127.0.0.1 at 2014-01-15 15:17:18 +0100
Served asset /flot/jquery.flot.min.js - 304 Not Modified (1ms)


Started GET "/assets/flot/jquery.flot.pie.min.js?body=1" for 127.0.0.1 at 2014-01-15 15:17:18 +0100
Served asset /flot/jquery.flot.pie.min.js - 304 Not Modified (1ms)


Started GET "/assets/flot/jquery.flot.resize.min.js?body=1" for 127.0.0.1 at 2014-01-15 15:17:18 +0100
Served asset /flot/jquery.flot.resize.min.js - 304 Not Modified (1ms)


Started GET "/assets/ace.min.js?body=1" for 127.0.0.1 at 2014-01-15 15:17:20 +0100
Served asset /ace.min.js - 304 Not Modified (2ms)


Started GET "/assets/ace-elements.min.js?body=1" for 127.0.0.1 at 2014-01-15 15:17:20 +0100
Served asset /ace-elements.min.js - 304 Not Modified (1ms)


Started GET "/index" for 127.0.0.1 at 2014-01-15 15:18:41 +0100
Processing by DashboardController#index as HTML
  Rendered dashboard/index.html.erb within layouts/application (11.6ms)
  Rendered layouts/AceAdminLayout/_stylesheets_include.html.erb (15.9ms)
  Rendered layouts/AceAdminLayout/_navbar.html.erb (0.0ms)
  Rendered layouts/AceAdminLayout/_sidebar.html.erb (6.9ms)
  Rendered layouts/AceAdminLayout/_breadcrumbs_and_search.html.erb (0.0ms)
  Rendered layouts/AceAdminLayout/_page_header.html.erb (0.0ms)
  Rendered layouts/_header.html.erb (25.4ms)
  Rendered layouts/AceAdminLayout/_settings_container.html.erb (0.0ms)
  Rendered layouts/AceAdminLayout/_javascript_include.html.erb (3.9ms)
  Rendered layouts/_footer.html.erb (4.9ms)
Completed 200 OK in 46ms (Views: 45.8ms | ActiveRecord: 0.0ms)


Started GET "/assets/bootstrap.min.css?body=1" for 127.0.0.1 at 2014-01-15 15:18:41 +0100
Served asset /bootstrap.min.css - 304 Not Modified (0ms)


Started GET "/assets/font-awesome.min.css?body=1" for 127.0.0.1 at 2014-01-15 15:18:41 +0100
Served asset /font-awesome.min.css - 304 Not Modified (0ms)


Started GET "/assets/ace-skins.min.css?body=1" for 127.0.0.1 at 2014-01-15 15:18:41 +0100
Served asset /ace-skins.min.css - 304 Not Modified (0ms)


Started GET "/assets/ace.min.css?body=1" for 127.0.0.1 at 2014-01-15 15:18:41 +0100
Served asset /ace.min.css - 304 Not Modified (0ms)


Started GET "/assets/bootstrap-responsive.min.css?body=1" for 127.0.0.1 at 2014-01-15 15:18:41 +0100
Served asset /bootstrap-responsive.min.css - 304 Not Modified (0ms)


Started GET "/assets/ace-responsive.min.css?body=1" for 127.0.0.1 at 2014-01-15 15:18:41 +0100
Served asset /ace-responsive.min.css - 304 Not Modified (0ms)


Started GET "/assets/bootstrap.min.js?body=1" for 127.0.0.1 at 2014-01-15 15:18:41 +0100
Served asset /bootstrap.min.js - 304 Not Modified (0ms)


Started GET "/assets/jquery-ui-1.10.3.custom.min.js?body=1" for 127.0.0.1 at 2014-01-15 15:18:41 +0100
Served asset /jquery-ui-1.10.3.custom.min.js - 304 Not Modified (0ms)


Started GET "/assets/jquery.ui.touch-punch.min.js?body=1" for 127.0.0.1 at 2014-01-15 15:18:41 +0100
Served asset /jquery.ui.touch-punch.min.js - 304 Not Modified (0ms)


Started GET "/assets/jquery.slimscroll.min.js?body=1" for 127.0.0.1 at 2014-01-15 15:18:41 +0100
Served asset /jquery.slimscroll.min.js - 304 Not Modified (0ms)


Started GET "/assets/flot/jquery.flot.min.js?body=1" for 127.0.0.1 at 2014-01-15 15:18:41 +0100
Served asset /flot/jquery.flot.min.js - 304 Not Modified (0ms)


Started GET "/assets/jquery.easy-pie-chart.min.js?body=1" for 127.0.0.1 at 2014-01-15 15:18:41 +0100
Served asset /jquery.easy-pie-chart.min.js - 304 Not Modified (0ms)


Started GET "/assets/flot/jquery.flot.pie.min.js?body=1" for 127.0.0.1 at 2014-01-15 15:18:41 +0100
Served asset /flot/jquery.flot.pie.min.js - 304 Not Modified (0ms)


Started GET "/assets/jquery.sparkline.min.js?body=1" for 127.0.0.1 at 2014-01-15 15:18:41 +0100
Served asset /jquery.sparkline.min.js - 304 Not Modified (0ms)


Started GET "/assets/flot/jquery.flot.resize.min.js?body=1" for 127.0.0.1 at 2014-01-15 15:18:41 +0100
Served asset /flot/jquery.flot.resize.min.js - 304 Not Modified (0ms)


Started GET "/assets/ace-elements.min.js?body=1" for 127.0.0.1 at 2014-01-15 15:18:41 +0100
Served asset /ace-elements.min.js - 304 Not Modified (0ms)


Started GET "/assets/ace.min.js?body=1" for 127.0.0.1 at 2014-01-15 15:18:41 +0100
Served asset /ace.min.js - 304 Not Modified (0ms)


Started GET "/typography" for 127.0.0.1 at 2014-01-15 15:18:43 +0100
Processing by TypographyController#typography as HTML
  Rendered typography/typography.html.erb within layouts/application (24.9ms)
  Rendered layouts/AceAdminLayout/_stylesheets_include.html.erb (16.7ms)
  Rendered layouts/AceAdminLayout/_navbar.html.erb (0.0ms)
  Rendered layouts/AceAdminLayout/_sidebar.html.erb (7.5ms)
  Rendered layouts/AceAdminLayout/_breadcrumbs_and_search.html.erb (0.0ms)
  Rendered layouts/AceAdminLayout/_page_header.html.erb (0.0ms)
  Rendered layouts/_header.html.erb (27.1ms)
  Rendered layouts/AceAdminLayout/_settings_container.html.erb (0.0ms)
  Rendered layouts/AceAdminLayout/_javascript_include.html.erb (4.4ms)
  Rendered layouts/_footer.html.erb (5.5ms)
Completed 200 OK in 61ms (Views: 61.1ms | ActiveRecord: 0.0ms)


Started GET "/assets/bootstrap.min.css?body=1" for 127.0.0.1 at 2014-01-15 15:18:44 +0100
Served asset /bootstrap.min.css - 304 Not Modified (0ms)


Started GET "/assets/prettify.css?body=1" for 127.0.0.1 at 2014-01-15 15:18:44 +0100
Served asset /prettify.css - 304 Not Modified (2ms)


Started GET "/assets/font-awesome.min.css?body=1" for 127.0.0.1 at 2014-01-15 15:18:44 +0100
Served asset /font-awesome.min.css - 304 Not Modified (0ms)


Started GET "/assets/ace-responsive.min.css?body=1" for 127.0.0.1 at 2014-01-15 15:18:44 +0100
Served asset /ace-responsive.min.css - 304 Not Modified (0ms)


Started GET "/assets/bootstrap-responsive.min.css?body=1" for 127.0.0.1 at 2014-01-15 15:18:44 +0100
Served asset /bootstrap-responsive.min.css - 304 Not Modified (0ms)


Started GET "/assets/ace.min.css?body=1" for 127.0.0.1 at 2014-01-15 15:18:44 +0100
Served asset /ace.min.css - 304 Not Modified (0ms)


Started GET "/assets/ace-skins.min.css?body=1" for 127.0.0.1 at 2014-01-15 15:18:44 +0100
Served asset /ace-skins.min.css - 304 Not Modified (0ms)


Started GET "/assets/bootstrap.min.js?body=1" for 127.0.0.1 at 2014-01-15 15:18:44 +0100
Served asset /bootstrap.min.js - 304 Not Modified (0ms)


Started GET "/assets/prettify.js?body=1" for 127.0.0.1 at 2014-01-15 15:18:44 +0100
Served asset /prettify.js - 304 Not Modified (3ms)


Started GET "/assets/ace-elements.min.js?body=1" for 127.0.0.1 at 2014-01-15 15:18:44 +0100
Served asset /ace-elements.min.js - 304 Not Modified (0ms)


Started GET "/assets/ace.min.js?body=1" for 127.0.0.1 at 2014-01-15 15:18:44 +0100
Served asset /ace.min.js - 304 Not Modified (0ms)


Started GET "/grid" for 127.0.0.1 at 2014-01-15 15:18:46 +0100
Processing by GridController#grid as HTML
  Rendered grid/grid.html.erb within layouts/application (8.4ms)
  Rendered layouts/AceAdminLayout/_stylesheets_include.html.erb (47.7ms)
  Rendered layouts/AceAdminLayout/_navbar.html.erb (0.1ms)
  Rendered layouts/AceAdminLayout/_sidebar.html.erb (7.1ms)
  Rendered layouts/AceAdminLayout/_breadcrumbs_and_search.html.erb (0.0ms)
  Rendered layouts/AceAdminLayout/_page_header.html.erb (0.0ms)
  Rendered layouts/_header.html.erb (57.9ms)
  Rendered layouts/AceAdminLayout/_settings_container.html.erb (0.0ms)
  Rendered layouts/AceAdminLayout/_javascript_include.html.erb (4.3ms)
  Rendered layouts/_footer.html.erb (5.4ms)
Completed 200 OK in 75ms (Views: 75.1ms | ActiveRecord: 0.0ms)


Started GET "/assets/bootstrap.min.css?body=1" for 127.0.0.1 at 2014-01-15 15:18:46 +0100
Served asset /bootstrap.min.css - 304 Not Modified (0ms)


Started GET "/assets/bootstrap-responsive.min.css?body=1" for 127.0.0.1 at 2014-01-15 15:18:46 +0100
Served asset /bootstrap-responsive.min.css - 304 Not Modified (0ms)


Started GET "/assets/ace.min.css?body=1" for 127.0.0.1 at 2014-01-15 15:18:46 +0100
Served asset /ace.min.css - 304 Not Modified (0ms)


Started GET "/assets/ace-skins.min.css?body=1" for 127.0.0.1 at 2014-01-15 15:18:46 +0100
Served asset /ace-skins.min.css - 304 Not Modified (0ms)


Started GET "/assets/.css" for 127.0.0.1 at 2014-01-15 15:18:46 +0100
Served asset /.css - 404 Not Found (3ms)

ActionController::RoutingError (No route matches [GET] "/assets/.css"):
  actionpack (3.2.13) lib/action_dispatch/middleware/debug_exceptions.rb:21:in `call'
  actionpack (3.2.13) lib/action_dispatch/middleware/show_exceptions.rb:56:in `call'
  railties (3.2.13) lib/rails/rack/logger.rb:32:in `call_app'
  railties (3.2.13) lib/rails/rack/logger.rb:16:in `block in call'
  activesupport (3.2.13) lib/active_support/tagged_logging.rb:22:in `tagged'
  railties (3.2.13) lib/rails/rack/logger.rb:16:in `call'
  actionpack (3.2.13) lib/action_dispatch/middleware/request_id.rb:22:in `call'
  rack (1.4.5) lib/rack/methodoverride.rb:21:in `call'
  rack (1.4.5) lib/rack/runtime.rb:17:in `call'
  activesupport (3.2.13) lib/active_support/cache/strategy/local_cache.rb:72:in `call'
  rack (1.4.5) lib/rack/lock.rb:15:in `call'
  actionpack (3.2.13) lib/action_dispatch/middleware/static.rb:63:in `call'
  railties (3.2.13) lib/rails/engine.rb:479:in `call'
  railties (3.2.13) lib/rails/application.rb:223:in `call'
  rack (1.4.5) lib/rack/content_length.rb:14:in `call'
  railties (3.2.13) lib/rails/rack/log_tailer.rb:17:in `call'
  rack (1.4.5) lib/rack/handler/webrick.rb:59:in `service'
  /home/roberto/.rvm/rubies/ruby-1.9.3-p327/lib/ruby/1.9.1/webrick/httpserver.rb:138:in `service'
  /home/roberto/.rvm/rubies/ruby-1.9.3-p327/lib/ruby/1.9.1/webrick/httpserver.rb:94:in `run'
  /home/roberto/.rvm/rubies/ruby-1.9.3-p327/lib/ruby/1.9.1/webrick/server.rb:191:in `block in start_thread'


  Rendered /home/roberto/.rvm/gems/ruby-1.9.3-p327/gems/actionpack-3.2.13/lib/action_dispatch/middleware/templates/rescues/routing_error.erb within rescues/layout (0.7ms)


Started GET "/assets/ace-responsive.min.css?body=1" for 127.0.0.1 at 2014-01-15 15:18:46 +0100
Served asset /ace-responsive.min.css - 304 Not Modified (0ms)


Started GET "/assets/font-awesome.min.css?body=1" for 127.0.0.1 at 2014-01-15 15:18:46 +0100
Served asset /font-awesome.min.css - 304 Not Modified (0ms)


Started GET "/assets/bootstrap.min.js?body=1" for 127.0.0.1 at 2014-01-15 15:18:46 +0100
Served asset /bootstrap.min.js - 304 Not Modified (0ms)


Started GET "/assets/.js" for 127.0.0.1 at 2014-01-15 15:18:46 +0100
Served asset /.js - 404 Not Found (3ms)

ActionController::RoutingError (No route matches [GET] "/assets/.js"):
  actionpack (3.2.13) lib/action_dispatch/middleware/debug_exceptions.rb:21:in `call'
  actionpack (3.2.13) lib/action_dispatch/middleware/show_exceptions.rb:56:in `call'
  railties (3.2.13) lib/rails/rack/logger.rb:32:in `call_app'
  railties (3.2.13) lib/rails/rack/logger.rb:16:in `block in call'
  activesupport (3.2.13) lib/active_support/tagged_logging.rb:22:in `tagged'
  railties (3.2.13) lib/rails/rack/logger.rb:16:in `call'
  actionpack (3.2.13) lib/action_dispatch/middleware/request_id.rb:22:in `call'
  rack (1.4.5) lib/rack/methodoverride.rb:21:in `call'
  rack (1.4.5) lib/rack/runtime.rb:17:in `call'
  activesupport (3.2.13) lib/active_support/cache/strategy/local_cache.rb:72:in `call'
  rack (1.4.5) lib/rack/lock.rb:15:in `call'
  actionpack (3.2.13) lib/action_dispatch/middleware/static.rb:63:in `call'
  railties (3.2.13) lib/rails/engine.rb:479:in `call'
  railties (3.2.13) lib/rails/application.rb:223:in `call'
  rack (1.4.5) lib/rack/content_length.rb:14:in `call'
  railties (3.2.13) lib/rails/rack/log_tailer.rb:17:in `call'
  rack (1.4.5) lib/rack/handler/webrick.rb:59:in `service'
  /home/roberto/.rvm/rubies/ruby-1.9.3-p327/lib/ruby/1.9.1/webrick/httpserver.rb:138:in `service'
  /home/roberto/.rvm/rubies/ruby-1.9.3-p327/lib/ruby/1.9.1/webrick/httpserver.rb:94:in `run'
  /home/roberto/.rvm/rubies/ruby-1.9.3-p327/lib/ruby/1.9.1/webrick/server.rb:191:in `block in start_thread'


  Rendered /home/roberto/.rvm/gems/ruby-1.9.3-p327/gems/actionpack-3.2.13/lib/action_dispatch/middleware/templates/rescues/routing_error.erb within rescues/layout (0.6ms)


Started GET "/assets/ace-elements.min.js?body=1" for 127.0.0.1 at 2014-01-15 15:18:46 +0100
Served asset /ace-elements.min.js - 304 Not Modified (0ms)


Started GET "/assets/ace.min.js?body=1" for 127.0.0.1 at 2014-01-15 15:18:46 +0100
Served asset /ace.min.js - 304 Not Modified (0ms)


Started GET "/typography" for 127.0.0.1 at 2014-01-15 15:18:51 +0100
Processing by TypographyController#typography as HTML
  Rendered typography/typography.html.erb within layouts/application (1.1ms)
  Rendered layouts/AceAdminLayout/_stylesheets_include.html.erb (17.0ms)
  Rendered layouts/AceAdminLayout/_navbar.html.erb (0.0ms)
  Rendered layouts/AceAdminLayout/_sidebar.html.erb (7.0ms)
  Rendered layouts/AceAdminLayout/_breadcrumbs_and_search.html.erb (0.0ms)
  Rendered layouts/AceAdminLayout/_page_header.html.erb (0.0ms)
  Rendered layouts/_header.html.erb (26.9ms)
  Rendered layouts/AceAdminLayout/_settings_container.html.erb (0.0ms)
  Rendered layouts/AceAdminLayout/_javascript_include.html.erb (4.1ms)
  Rendered layouts/_footer.html.erb (5.1ms)
Completed 200 OK in 36ms (Views: 36.1ms | ActiveRecord: 0.0ms)


Started GET "/assets/bootstrap.min.css?body=1" for 127.0.0.1 at 2014-01-15 15:18:51 +0100
Served asset /bootstrap.min.css - 304 Not Modified (0ms)


Started GET "/assets/font-awesome.min.css?body=1" for 127.0.0.1 at 2014-01-15 15:18:51 +0100
Served asset /font-awesome.min.css - 304 Not Modified (0ms)


Started GET "/assets/bootstrap-responsive.min.css?body=1" for 127.0.0.1 at 2014-01-15 15:18:51 +0100
Served asset /bootstrap-responsive.min.css - 304 Not Modified (0ms)


Started GET "/assets/prettify.css?body=1" for 127.0.0.1 at 2014-01-15 15:18:51 +0100
Served asset /prettify.css - 304 Not Modified (0ms)


Started GET "/assets/ace.min.css?body=1" for 127.0.0.1 at 2014-01-15 15:18:51 +0100
Served asset /ace.min.css - 304 Not Modified (0ms)


Started GET "/assets/ace-responsive.min.css?body=1" for 127.0.0.1 at 2014-01-15 15:18:51 +0100
Served asset /ace-responsive.min.css - 304 Not Modified (0ms)


Started GET "/assets/ace-skins.min.css?body=1" for 127.0.0.1 at 2014-01-15 15:18:51 +0100
Served asset /ace-skins.min.css - 304 Not Modified (0ms)


Started GET "/assets/bootstrap.min.js?body=1" for 127.0.0.1 at 2014-01-15 15:18:51 +0100
Served asset /bootstrap.min.js - 304 Not Modified (0ms)


Started GET "/assets/prettify.js?body=1" for 127.0.0.1 at 2014-01-15 15:18:51 +0100
Served asset /prettify.js - 304 Not Modified (0ms)


Started GET "/assets/ace-elements.min.js?body=1" for 127.0.0.1 at 2014-01-15 15:18:51 +0100
Served asset /ace-elements.min.js - 304 Not Modified (0ms)


Started GET "/assets/ace.min.js?body=1" for 127.0.0.1 at 2014-01-15 15:18:51 +0100
Served asset /ace.min.js - 304 Not Modified (0ms)
Connecting to database specified by database.yml


Started GET "/" for 127.0.0.1 at 2014-01-15 16:41:19 +0100
Processing by DashboardController#index as HTML
  Rendered dashboard/index.html.erb within layouts/application (35.6ms)
  Rendered layouts/AceAdminLayout/_stylesheets_include.html.erb (88.5ms)
  Rendered layouts/AceAdminLayout/_navbar.html.erb (0.6ms)
  Rendered layouts/AceAdminLayout/_sidebar.html.erb (9.2ms)
  Rendered layouts/AceAdminLayout/_breadcrumbs_and_search.html.erb (0.3ms)
  Rendered layouts/AceAdminLayout/_page_header.html.erb (0.3ms)
  Rendered layouts/_header.html.erb (102.3ms)
  Rendered layouts/AceAdminLayout/_settings_container.html.erb (0.3ms)
  Rendered layouts/AceAdminLayout/_javascript_include.html.erb (11.6ms)
  Rendered layouts/_footer.html.erb (13.4ms)
Completed 200 OK in 186ms (Views: 185.3ms | ActiveRecord: 0.0ms)


Started GET "/assets/bootstrap.min.css?body=1" for 127.0.0.1 at 2014-01-15 16:41:19 +0100
Served asset /bootstrap.min.css - 200 OK (11ms)


Started GET "/assets/font-awesome.min.css?body=1" for 127.0.0.1 at 2014-01-15 16:41:19 +0100
Served asset /font-awesome.min.css - 200 OK (2ms)


Started GET "/assets/ace-skins.min.css?body=1" for 127.0.0.1 at 2014-01-15 16:41:19 +0100
Served asset /ace-skins.min.css - 200 OK (2ms)


Started GET "/assets/ace.min.css?body=1" for 127.0.0.1 at 2014-01-15 16:41:19 +0100
Served asset /ace.min.css - 200 OK (3ms)


Started GET "/assets/bootstrap-responsive.min.css?body=1" for 127.0.0.1 at 2014-01-15 16:41:19 +0100
Served asset /bootstrap-responsive.min.css - 200 OK (2ms)


Started GET "/assets/ace-responsive.min.css?body=1" for 127.0.0.1 at 2014-01-15 16:41:19 +0100
Served asset /ace-responsive.min.css - 200 OK (2ms)


Started GET "/assets/bootstrap.min.js?body=1" for 127.0.0.1 at 2014-01-15 16:41:19 +0100
Served asset /bootstrap.min.js - 200 OK (6ms)


Started GET "/assets/jquery.ui.touch-punch.min.js?body=1" for 127.0.0.1 at 2014-01-15 16:41:19 +0100
Served asset /jquery.ui.touch-punch.min.js - 200 OK (1ms)


Started GET "/assets/jquery.slimscroll.min.js?body=1" for 127.0.0.1 at 2014-01-15 16:41:19 +0100
Served asset /jquery.slimscroll.min.js - 200 OK (1ms)


Started GET "/assets/jquery.easy-pie-chart.min.js?body=1" for 127.0.0.1 at 2014-01-15 16:41:19 +0100
Served asset /jquery.easy-pie-chart.min.js - 200 OK (3ms)


Started GET "/assets/jquery.sparkline.min.js?body=1" for 127.0.0.1 at 2014-01-15 16:41:19 +0100
Served asset /jquery.sparkline.min.js - 200 OK (2ms)


Started GET "/assets/jquery-ui-1.10.3.custom.min.js?body=1" for 127.0.0.1 at 2014-01-15 16:41:19 +0100
Served asset /jquery-ui-1.10.3.custom.min.js - 200 OK (26ms)


Started GET "/assets/flot/jquery.flot.pie.min.js?body=1" for 127.0.0.1 at 2014-01-15 16:41:19 +0100
Served asset /flot/jquery.flot.pie.min.js - 200 OK (1ms)


Started GET "/assets/flot/jquery.flot.min.js?body=1" for 127.0.0.1 at 2014-01-15 16:41:19 +0100
Served asset /flot/jquery.flot.min.js - 200 OK (1ms)


Started GET "/assets/flot/jquery.flot.resize.min.js?body=1" for 127.0.0.1 at 2014-01-15 16:41:19 +0100
Served asset /flot/jquery.flot.resize.min.js - 200 OK (1ms)


Started GET "/assets/ace-elements.min.js?body=1" for 127.0.0.1 at 2014-01-15 16:41:19 +0100
Served asset /ace-elements.min.js - 200 OK (2ms)


Started GET "/assets/ace.min.js?body=1" for 127.0.0.1 at 2014-01-15 16:41:19 +0100
Served asset /ace.min.js - 200 OK (1ms)
